<?xml version="1.0" encoding="UTF-8"?>
<!-- Generated by org.testng.reporters.JUnitXMLReporter -->
<testsuite ignored="0" hostname="LAPTOP-KUNU7KIN" failures="0" tests="3" name="OpenCart Tests" time="31.482" errors="0" timestamp="2021-03-31T23:12:43 BST">
  <testcase classname="testCase.TC_001_AccountRegistration" name="test_accout_Registration" time="4.7"/>
  <testcase classname="testCase.TC_002_Login" name="test_Login" time="4.6"/>
  <testcase classname="testCase.TC_004_ProductSearch" name="test_searchbox" time="12.598"/>
</testsuite> <!-- OpenCart Tests -->
