<?xml version="1.0" encoding="UTF-8"?>
<testng-results ignored="0" total="3" passed="3" failed="0" skipped="0">
  <reporter-output>
  </reporter-output>
  <suite started-at="2021-03-31T23:12:12 BST" name="OpenCart Test Suite" finished-at="2021-03-31T23:12:43 BST" duration-ms="31482">
    <groups>
      <group name="regression">
        <method signature="TC_001_AccountRegistration.test_accout_Registration()[pri:0, instance:testCase.TC_001_AccountRegistration@156b88f5]" name="test_accout_Registration" class="testCase.TC_001_AccountRegistration"/>
      </group> <!-- regression -->
      <group name="sanity">
        <method signature="TC_002_Login.test_Login()[pri:0, instance:testCase.TC_002_Login@3bf9ce3e]" name="test_Login" class="testCase.TC_002_Login"/>
      </group> <!-- sanity -->
      <group name="master">
        <method signature="TC_001_AccountRegistration.test_accout_Registration()[pri:0, instance:testCase.TC_001_AccountRegistration@156b88f5]" name="test_accout_Registration" class="testCase.TC_001_AccountRegistration"/>
        <method signature="TC_002_Login.test_Login()[pri:0, instance:testCase.TC_002_Login@3bf9ce3e]" name="test_Login" class="testCase.TC_002_Login"/>
        <method signature="TC_004_ProductSearch.test_searchbox()[pri:0, instance:testCase.TC_004_ProductSearch@16610890]" name="test_searchbox" class="testCase.TC_004_ProductSearch"/>
      </group> <!-- master -->
    </groups>
    <test started-at="2021-03-31T23:12:12 BST" name="OpenCart Tests" finished-at="2021-03-31T23:12:43 BST" duration-ms="31482">
      <class name="testCase.TC_004_ProductSearch">
        <test-method is-config="true" signature="setup(java.lang.String)[pri:0, instance:testCase.TC_004_ProductSearch@16610890]" started-at="2021-03-31T23:12:28 BST" name="setup" finished-at="2021-03-31T23:12:30 BST" duration-ms="1437" status="PASS">
          <params>
            <param index="0">
              <value>
                <![CDATA[chrome]]>
              </value>
            </param>
          </params>
          <reporter-output>
          </reporter-output>
        </test-method> <!-- setup -->
        <test-method signature="test_searchbox()[pri:0, instance:testCase.TC_004_ProductSearch@16610890]" started-at="2021-03-31T23:12:30 BST" name="test_searchbox" finished-at="2021-03-31T23:12:42 BST" duration-ms="12598" status="PASS">
          <reporter-output>
          </reporter-output>
        </test-method> <!-- test_searchbox -->
        <test-method is-config="true" signature="tearDown()[pri:0, instance:testCase.TC_004_ProductSearch@16610890]" started-at="2021-03-31T23:12:42 BST" name="tearDown" finished-at="2021-03-31T23:12:43 BST" duration-ms="751" status="PASS">
          <reporter-output>
          </reporter-output>
        </test-method> <!-- tearDown -->
      </class> <!-- testCase.TC_004_ProductSearch -->
      <class name="testCase.TC_002_Login">
        <test-method is-config="true" signature="setup(java.lang.String)[pri:0, instance:testCase.TC_002_Login@3bf9ce3e]" started-at="2021-03-31T23:12:22 BST" name="setup" finished-at="2021-03-31T23:12:23 BST" duration-ms="1340" status="PASS">
          <params>
            <param index="0">
              <value>
                <![CDATA[chrome]]>
              </value>
            </param>
          </params>
          <reporter-output>
          </reporter-output>
        </test-method> <!-- setup -->
        <test-method signature="test_Login()[pri:0, instance:testCase.TC_002_Login@3bf9ce3e]" started-at="2021-03-31T23:12:23 BST" name="test_Login" finished-at="2021-03-31T23:12:28 BST" duration-ms="4600" status="PASS">
          <reporter-output>
          </reporter-output>
        </test-method> <!-- test_Login -->
        <test-method is-config="true" signature="tearDown()[pri:0, instance:testCase.TC_002_Login@3bf9ce3e]" started-at="2021-03-31T23:12:28 BST" name="tearDown" finished-at="2021-03-31T23:12:28 BST" duration-ms="746" status="PASS">
          <reporter-output>
          </reporter-output>
        </test-method> <!-- tearDown -->
      </class> <!-- testCase.TC_002_Login -->
      <class name="testCase.TC_001_AccountRegistration">
        <test-method is-config="true" signature="setup(java.lang.String)[pri:0, instance:testCase.TC_001_AccountRegistration@156b88f5]" started-at="2021-03-31T23:12:12 BST" name="setup" finished-at="2021-03-31T23:12:16 BST" duration-ms="4182" status="PASS">
          <params>
            <param index="0">
              <value>
                <![CDATA[chrome]]>
              </value>
            </param>
          </params>
          <reporter-output>
          </reporter-output>
        </test-method> <!-- setup -->
        <test-method signature="test_accout_Registration()[pri:0, instance:testCase.TC_001_AccountRegistration@156b88f5]" started-at="2021-03-31T23:12:16 BST" name="test_accout_Registration" finished-at="2021-03-31T23:12:21 BST" duration-ms="4700" status="PASS">
          <reporter-output>
          </reporter-output>
        </test-method> <!-- test_accout_Registration -->
        <test-method is-config="true" signature="tearDown()[pri:0, instance:testCase.TC_001_AccountRegistration@156b88f5]" started-at="2021-03-31T23:12:21 BST" name="tearDown" finished-at="2021-03-31T23:12:22 BST" duration-ms="765" status="PASS">
          <reporter-output>
          </reporter-output>
        </test-method> <!-- tearDown -->
      </class> <!-- testCase.TC_001_AccountRegistration -->
    </test> <!-- OpenCart Tests -->
  </suite> <!-- OpenCart Test Suite -->
</testng-results>
